ssh: unknown option -- d
usage: ssh [-46AaCfGgKkMNnqsTtVvXxYy] [-b bind_address] [-c cipher_spec]
           [-D [bind_address:]port] [-E log_file] [-e escape_char]
           [-F configfile] [-I pkcs11] [-i identity_file]
           [-J [user@]host[:port]] [-L address] [-l login_name] [-m mac_spec]
           [-O ctl_cmd] [-o option] [-p port] [-Q query_option] [-R address]
           [-S ctl_path] [-W host:port] [-w local_tun[:remote_tun]]
           [user@]hostname [command]
ssh: unknown option -- d
usage: ssh [-46AaCfGgKkMNnqsTtVvXxYy] [-b bind_address] [-c cipher_spec]
           [-D [bind_address:]port] [-E log_file] [-e escape_char]
           [-F configfile] [-I pkcs11] [-i identity_file]
           [-J [user@]host[:port]] [-L address] [-l login_name] [-m mac_spec]
           [-O ctl_cmd] [-o option] [-p port] [-Q query_option] [-R address]
           [-S ctl_path] [-W host:port] [-w local_tun[:remote_tun]]
           [user@]hostname [command]
OpenSSH_7.6p1, OpenSSL 1.0.2n  7 Dec 2017
debug1: Reading configuration data /home/zf297a/.ssh/config
debug1: /home/zf297a/.ssh/config line 1: Applying options for *
debug2: resolving "spo-prd1-db.cs.boeing.com" port 22
debug2: ssh_connect_direct: needpriv 0
debug1: Connecting to spo-prd1-db.cs.boeing.com [137.136.200.178] port 22.
debug1: Connection established.
debug1: identity file /home/zf297a/.ssh/id_rsa type 0
debug1: key_load_public: No such file or directory
debug1: identity file /home/zf297a/.ssh/id_rsa-cert type -1
debug1: key_load_public: No such file or directory
debug1: identity file /home/zf297a/.ssh/id_dsa type -1
debug1: key_load_public: No such file or directory
debug1: identity file /home/zf297a/.ssh/id_dsa-cert type -1
debug1: key_load_public: No such file or directory
debug1: identity file /home/zf297a/.ssh/id_ecdsa type -1
debug1: key_load_public: No such file or directory
debug1: identity file /home/zf297a/.ssh/id_ecdsa-cert type -1
debug1: key_load_public: No such file or directory
debug1: identity file /home/zf297a/.ssh/id_ed25519 type -1
debug1: key_load_public: No such file or directory
debug1: identity file /home/zf297a/.ssh/id_ed25519-cert type -1
debug1: Local version string SSH-2.0-OpenSSH_7.6
debug1: Remote protocol version 2.0, remote software version OpenSSH_7.4
debug1: match: OpenSSH_7.4 pat OpenSSH* compat 0x04000000
debug2: fd 3 setting O_NONBLOCK
debug1: Authenticating to spo-prd1-db.cs.boeing.com:22 as 'escm'
debug3: hostkeys_foreach: reading file "/home/zf297a/.ssh/known_hosts"
debug3: record_hostkey: found key type ECDSA in file /home/zf297a/.ssh/known_hosts:57
debug3: load_hostkeys: loaded 1 keys from spo-prd1-db.cs.boeing.com
debug3: order_hostkeyalgs: prefer hostkeyalgs: ecdsa-sha2-nistp256-cert-v01@openssh.com,ecdsa-sha2-nistp384-cert-v01@openssh.com,ecdsa-sha2-nistp521-cert-v01@openssh.com,ecdsa-sha2-nistp256,ecdsa-sha2-nistp384,ecdsa-sha2-nistp521
debug3: send packet: type 20
debug1: SSH2_MSG_KEXINIT sent
debug3: receive packet: type 20
debug1: SSH2_MSG_KEXINIT received
debug2: local client KEXINIT proposal
debug2: KEX algorithms: curve25519-sha256,curve25519-sha256@libssh.org,ecdh-sha2-nistp256,ecdh-sha2-nistp384,ecdh-sha2-nistp521,diffie-hellman-group-exchange-sha256,diffie-hellman-group16-sha512,diffie-hellman-group18-sha512,diffie-hellman-group-exchange-sha1,diffie-hellman-group14-sha256,diffie-hellman-group14-sha1,ext-info-c
debug2: host key algorithms: ecdsa-sha2-nistp256-cert-v01@openssh.com,ecdsa-sha2-nistp384-cert-v01@openssh.com,ecdsa-sha2-nistp521-cert-v01@openssh.com,ecdsa-sha2-nistp256,ecdsa-sha2-nistp384,ecdsa-sha2-nistp521,ssh-ed25519-cert-v01@openssh.com,ssh-rsa-cert-v01@openssh.com,ssh-ed25519,rsa-sha2-512,rsa-sha2-256,ssh-rsa
debug2: ciphers ctos: chacha20-poly1305@openssh.com,aes128-ctr,aes192-ctr,aes256-ctr,aes128-gcm@openssh.com,aes256-gcm@openssh.com
debug2: ciphers stoc: chacha20-poly1305@openssh.com,aes128-ctr,aes192-ctr,aes256-ctr,aes128-gcm@openssh.com,aes256-gcm@openssh.com
debug2: MACs ctos: umac-64-etm@openssh.com,umac-128-etm@openssh.com,hmac-sha2-256-etm@openssh.com,hmac-sha2-512-etm@openssh.com,hmac-sha1-etm@openssh.com,umac-64@openssh.com,umac-128@openssh.com,hmac-sha2-256,hmac-sha2-512,hmac-sha1
debug2: MACs stoc: umac-64-etm@openssh.com,umac-128-etm@openssh.com,hmac-sha2-256-etm@openssh.com,hmac-sha2-512-etm@openssh.com,hmac-sha1-etm@openssh.com,umac-64@openssh.com,umac-128@openssh.com,hmac-sha2-256,hmac-sha2-512,hmac-sha1
debug2: compression ctos: none,zlib@openssh.com,zlib
debug2: compression stoc: none,zlib@openssh.com,zlib
debug2: languages ctos: 
debug2: languages stoc: 
debug2: first_kex_follows 0 
debug2: reserved 0 
debug2: peer server KEXINIT proposal
debug2: KEX algorithms: curve25519-sha256,curve25519-sha256@libssh.org,ecdh-sha2-nistp256,ecdh-sha2-nistp384,ecdh-sha2-nistp521,diffie-hellman-group-exchange-sha256,diffie-hellman-group16-sha512,diffie-hellman-group18-sha512,diffie-hellman-group-exchange-sha1,diffie-hellman-group14-sha256,diffie-hellman-group14-sha1,diffie-hellman-group1-sha1
debug2: host key algorithms: ssh-rsa,rsa-sha2-512,rsa-sha2-256,ecdsa-sha2-nistp256,ssh-ed25519
debug2: ciphers ctos: aes128-ctr,aes192-ctr,aes256-ctr,aes128-cbc,3des-cbc,aes192-cbc,aes256-cbc
debug2: ciphers stoc: aes128-ctr,aes192-ctr,aes256-ctr,aes128-cbc,3des-cbc,aes192-cbc,aes256-cbc
debug2: MACs ctos: hmac-sha2-512,hmac-sha2-256,hmac-sha1,hmac-md5
debug2: MACs stoc: hmac-sha2-512,hmac-sha2-256,hmac-sha1,hmac-md5
debug2: compression ctos: none,zlib@openssh.com
debug2: compression stoc: none,zlib@openssh.com
debug2: languages ctos: 
debug2: languages stoc: 
debug2: first_kex_follows 0 
debug2: reserved 0 
debug1: kex: algorithm: curve25519-sha256
debug1: kex: host key algorithm: ecdsa-sha2-nistp256
debug1: kex: server->client cipher: aes128-ctr MAC: hmac-sha2-256 compression: none
debug1: kex: client->server cipher: aes128-ctr MAC: hmac-sha2-256 compression: none
debug3: send packet: type 30
debug1: expecting SSH2_MSG_KEX_ECDH_REPLY
debug3: receive packet: type 31
debug1: Server host key: ecdsa-sha2-nistp256 SHA256:AMxyHO5lM8JvP+P8FpTU0rcECfqt7HrXXi6QKXbg/Ms
debug3: hostkeys_foreach: reading file "/home/zf297a/.ssh/known_hosts"
debug3: record_hostkey: found key type ECDSA in file /home/zf297a/.ssh/known_hosts:57
debug3: load_hostkeys: loaded 1 keys from spo-prd1-db.cs.boeing.com
debug3: hostkeys_foreach: reading file "/home/zf297a/.ssh/known_hosts"
debug3: record_hostkey: found key type ECDSA in file /home/zf297a/.ssh/known_hosts:57
debug3: load_hostkeys: loaded 1 keys from 137.136.200.178
debug1: Host 'spo-prd1-db.cs.boeing.com' is known and matches the ECDSA host key.
debug1: Found key in /home/zf297a/.ssh/known_hosts:57
debug3: send packet: type 21
debug2: set_newkeys: mode 1
debug1: rekey after 4294967296 blocks
debug1: SSH2_MSG_NEWKEYS sent
debug1: expecting SSH2_MSG_NEWKEYS
debug3: receive packet: type 21
debug1: SSH2_MSG_NEWKEYS received
debug2: set_newkeys: mode 0
debug1: rekey after 4294967296 blocks
debug2: key: /home/zf297a/.ssh/id_rsa (0x600063830)
debug2: key: /home/zf297a/.ssh/id_dsa (0x0)
debug2: key: /home/zf297a/.ssh/id_ecdsa (0x0)
debug2: key: /home/zf297a/.ssh/id_ed25519 (0x0)
debug3: send packet: type 5
debug3: receive packet: type 7
debug1: SSH2_MSG_EXT_INFO received
debug1: kex_input_ext_info: server-sig-algs=<rsa-sha2-256,rsa-sha2-512>
debug3: receive packet: type 6
debug2: service_accept: ssh-userauth
debug1: SSH2_MSG_SERVICE_ACCEPT received
debug3: send packet: type 50
debug3: receive packet: type 53
debug3: input_userauth_banner
This system is provided for Boeing-authorized use only. Unauthorized use is
prohibited and may be subject to discipline, civil suit and criminal
prosecution. As Boeing has a legitimate interest in the secure, efficient,
and lawful use of this company resource, communications or data transiting or
stored on this system may be monitored, and used or disclosed for any lawful
purpose. By using this system you understand and agree to comply with company
policies for such use and information protection.
debug3: receive packet: type 51
debug1: Authentications that can continue: publickey,gssapi-keyex,gssapi-with-mic,password
debug3: start over, passed a different list publickey,gssapi-keyex,gssapi-with-mic,password
debug3: preferred publickey,keyboard-interactive,password
debug3: authmethod_lookup publickey
debug3: remaining preferred: keyboard-interactive,password
debug3: authmethod_is_enabled publickey
debug1: Next authentication method: publickey
debug1: Offering public key: RSA SHA256:xlTfEuwaDH8Pv5SAcs3GVQvGokI93vaCAQ3VlJJn/hs /home/zf297a/.ssh/id_rsa
debug3: send_pubkey_test
debug3: send packet: type 50
debug2: we sent a publickey packet, wait for reply
debug3: receive packet: type 60
debug1: Server accepts key: pkalg rsa-sha2-512 blen 279
debug2: input_userauth_pk_ok: fp SHA256:xlTfEuwaDH8Pv5SAcs3GVQvGokI93vaCAQ3VlJJn/hs
debug3: sign_and_send_pubkey: RSA SHA256:xlTfEuwaDH8Pv5SAcs3GVQvGokI93vaCAQ3VlJJn/hs
debug3: send packet: type 50
Connection closed by 137.136.200.178 port 22
